<?xml version="1.0" encoding="UTF-8"?>
<!-- Generated by org.testng.reporters.JUnitXMLReporter -->
<testsuite hostname="BDC6-LX-554XD63" failures="0" tests="3" name="Surefire test" time="2.015" errors="0" timestamp="19 Oct 2021 13:40:49 GMT">
  <testcase classname="com.consol.citrus.samples.SampleJavaIT" name="echoToday" time="0.107"/>
  <testcase classname="com.consol.citrus.samples.SampleJavaIT" name="sayHello" time="0.002"/>
  <testcase classname="com.consol.citrus.samples.SampleXmlIT" name="sampleXml" time="0.374"/>
</testsuite> <!-- Surefire test -->
