<?xml version="1.0" encoding="UTF-8"?>
<testng-results total="1" passed="1" failed="0" skipped="0">
  <reporter-output>
  </reporter-output>
  <suite started-at="2021-11-27T13:19:16Z" name="Default suite" finished-at="2021-11-27T13:19:18Z" duration-ms="2141">
    <groups>
    </groups>
    <test started-at="2021-11-27T13:19:16Z" name="Default test" finished-at="2021-11-27T13:19:18Z" duration-ms="2141">
      <class name="com.tests.SampleRestTestIT">
        <test-method signature="sampleRestTest()[pri:0, instance:com.tests.SampleRestTestIT@13d4992d]" started-at="2021-11-27T17:19:16Z" name="sampleRestTest" finished-at="2021-11-27T17:19:18Z" duration-ms="2125" status="PASS">
          <reporter-output>
          </reporter-output>
        </test-method> <!-- sampleRestTest -->
      </class> <!-- com.tests.SampleRestTestIT -->
    </test> <!-- Default test -->
  </suite> <!-- Default suite -->
</testng-results>
