<?xml version="1.0" encoding="UTF-8"?>
<testsuite xmlns:xsi="http://www.w3.org/2001/XMLSchema-instance" xsi:noNamespaceSchemaLocation="https://maven.apache.org/surefire/maven-failsafe-plugin/xsd/failsafe-test-report.xsd" name="TestSuite" time="3.175" tests="3" errors="0" skipped="0" failures="0">
  <properties>
[...]
</properties>
  <testcase name="echoToday" classname="com.consol.citrus.samples.SampleJavaIT" time="0.187"/>
  <testcase name="sayHello" classname="com.consol.citrus.samples.SampleJavaIT" time="0.075"/>
  <testcase name="sampleXml" classname="com.consol.citrus.samples.SampleXmlIT" time="0.402"/>
</testsuite>